<?xml version="1.0" encoding="UTF-8"?>
<!-- Generated by org.testng.reporters.JUnitReportReporter -->
<testsuite hostname="Markos-MacBook-Pro.local" failures="0" tests="3" name="ParaBankTests.RegistrationAndLogInTest" time="16.537" errors="0" timestamp="2024-06-04T15:27:33 CEST" skipped="0">
  <testcase classname="ParaBankTests.RegistrationAndLogInTest" name="userRegistration" time="5.184"/>
  <testcase classname="ParaBankTests.RegistrationAndLogInTest" name="userLogIn" time="5.604"/>
  <testcase classname="ParaBankTests.RegistrationAndLogInTest" name="userLogInAndAccountOverview" time="5.749"/>
</testsuite> <!-- ParaBankTests.RegistrationAndLogInTest -->
