<?xml version="1.0" encoding="UTF-8"?>
<!-- Generated by org.testng.reporters.JUnitReportReporter -->
<testsuite hostname="Markos-MacBook-Pro.local" failures="0" tests="1" name="ParaBankTests.TransferFoundsTest" time="8.000" errors="0" timestamp="2024-06-04T15:44:49 CEST" skipped="0">
  <testcase classname="ParaBankTests.TransferFoundsTest" name="NewTransferFound" time="8.000"/>
</testsuite> <!-- ParaBankTests.TransferFoundsTest -->
