<?xml version="1.0" encoding="UTF-8"?>
<!-- Generated by org.testng.reporters.JUnitReportReporter -->
<testsuite hostname="Markos-MacBook-Pro.local" failures="0" tests="2" name="ParaBankTests.RegistrationAndLogInTest" time="9.764" errors="0" timestamp="2024-06-01T18:23:38 CEST" skipped="0">
  <testcase classname="ParaBankTests.RegistrationAndLogInTest" name="userRegistration" time="4.816"/>
  <testcase classname="ParaBankTests.RegistrationAndLogInTest" name="userLogIn" time="4.948"/>
</testsuite> <!-- ParaBankTests.RegistrationAndLogInTest -->
