<?xml version="1.0" encoding="UTF-8"?>
<!-- Generated by org.testng.reporters.JUnitReportReporter -->
<testsuite hostname="Markos-MacBook-Pro.local" failures="0" tests="1" name="ParaBankTests.RegistrationAndLogInTest" time="6.705" errors="0" timestamp="2024-06-04T15:44:35 CEST" skipped="0">
  <testcase classname="ParaBankTests.RegistrationAndLogInTest" name="userRegistration" time="6.705"/>
</testsuite> <!-- ParaBankTests.RegistrationAndLogInTest -->
