<?xml version="1.0" encoding="UTF-8"?>
<!-- Generated by org.testng.reporters.JUnitReportReporter -->
<testsuite hostname="Markos-MacBook-Pro.local" failures="0" tests="1" name="ParaBankTests.NewAccountTest" time="10.773" errors="0" timestamp="2024-06-04T15:19:17 CEST" skipped="0">
  <testcase classname="ParaBankTests.NewAccountTest" name="userLogIn" time="10.773"/>
</testsuite> <!-- ParaBankTests.NewAccountTest -->
